<?xml version="1.0" encoding="UTF-8"?>
<testsuite name="CoinCombinationsTest" tests="4" skipped="0" failures="0" errors="0" timestamp="2015-08-17T18:51:12" hostname="epicodus-112.local" time="0.332">
  <properties/>
  <testcase name="coinCombination_returnWordQuarterFor_25" classname="CoinCombinationsTest" time="0.004"/>
  <testcase name="rootTest" classname="CoinCombinationsTest" time="0.253"/>
  <testcase name="coinCombination_returnWordCoinsFor_97" classname="CoinCombinationsTest" time="0.0"/>
  <testcase name="centsGiven" classname="CoinCombinationsTest" time="0.059"/>
  <system-out><![CDATA[]]></system-out>
  <system-err><![CDATA[[Thread-4] INFO spark.webserver.SparkServer - == Spark has ignited ...
[Thread-4] INFO spark.webserver.SparkServer - >> Listening on 0.0.0.0:4567
[Thread-4] INFO org.eclipse.jetty.server.Server - jetty-9.0.2.v20130417
[Thread-4] INFO org.eclipse.jetty.server.ServerConnector - Started ServerConnector@7f55d890{HTTP/1.1}{0.0.0.0:4567}
Aug 17, 2015 11:51:13 AM com.gargoylesoftware.htmlunit.html.InputElementFactory createElementNS
INFO: Bad input type: "numbers", creating a text input
Aug 17, 2015 11:51:13 AM com.gargoylesoftware.htmlunit.html.InputElementFactory createElementNS
INFO: Bad input type: "numbers", creating a text input
[Test worker] INFO spark.webserver.SparkServer - >>> Spark shutting down ...
[Test worker] INFO org.eclipse.jetty.server.Server - Graceful shutdown org.eclipse.jetty.server.Server@77358369 by 
[Test worker] INFO org.eclipse.jetty.server.ServerConnector - Stopped ServerConnector@7f55d890{HTTP/1.1}{0.0.0.0:4567}
[Test worker] INFO spark.webserver.SparkServer - done
]]></system-err>
</testsuite>
