<?xml version="1.0" encoding="UTF-8"?>
<testsuite name="TriangleTest" tests="5" skipped="0" failures="0" errors="0" timestamp="2015-08-17T23:00:31" hostname="epicodus-112.local" time="0.003">
  <properties/>
  <testcase name="newTriangle_ifTriangleIsScalene_true" classname="TriangleTest" time="0.0"/>
  <testcase name="newTriangle_instantiatesCorrectly" classname="TriangleTest" time="0.0"/>
  <testcase name="newTriangle_ifTriangleIsIsosceles_true" classname="TriangleTest" time="0.0"/>
  <testcase name="newTriangle_ifTriangleIsEquilateral_true" classname="TriangleTest" time="0.0"/>
  <testcase name="newTriangle_ifIsTriangle_true" classname="TriangleTest" time="0.0"/>
  <system-out><![CDATA[]]></system-out>
  <system-err><![CDATA[]]></system-err>
</testsuite>
